<?xml version="1.0" encoding="utf-8"?><testsuites><testsuite errors="0" failures="0" hostname="MarcelaModesto" name="pytest" skipped="0" tests="7" time="16.710" timestamp="2020-08-04T11:55:33.198725"><testcase classname="test_submit" file="test_submit.py" line="3" name="test_q1" time="0.002"></testcase><testcase classname="test_submit" file="test_submit.py" line="11" name="test_q2" time="0.020"></testcase><testcase classname="test_submit" file="test_submit.py" line="16" name="test_q3" time="0.002"></testcase><testcase classname="test_submit" file="test_submit.py" line="21" name="test_q4" time="0.026"></testcase><testcase classname="test_submit" file="test_submit.py" line="26" name="test_q5" time="0.007"></testcase><testcase classname="test_submit" file="test_submit.py" line="34" name="test_q6" time="1.545"></testcase><testcase classname="test_submit" file="test_submit.py" line="39" name="test_q7" time="1.638"></testcase></testsuite></testsuites>