<?xml version="1.0" encoding="utf-8"?><testsuites><testsuite errors="0" failures="0" hostname="MarcelaModesto" name="pytest" skipped="0" tests="7" time="8.513" timestamp="2020-07-14T00:38:34.358039"><testcase classname="test_submit" file="test_submit.py" line="3" name="test_q1" time="0.008"></testcase><testcase classname="test_submit" file="test_submit.py" line="8" name="test_q2" time="0.009"></testcase><testcase classname="test_submit" file="test_submit.py" line="13" name="test_q3" time="0.012"></testcase><testcase classname="test_submit" file="test_submit.py" line="18" name="test_q4" time="0.011"></testcase><testcase classname="test_submit" file="test_submit.py" line="23" name="test_q5" time="0.022"></testcase><testcase classname="test_submit" file="test_submit.py" line="28" name="test_q6" time="0.022"></testcase><testcase classname="test_submit" file="test_submit.py" line="33" name="test_q7" time="0.022"></testcase></testsuite></testsuites>