<?xml version="1.0" encoding="utf-8"?><testsuites><testsuite errors="0" failures="0" hostname="MarcelaModesto" name="pytest" skipped="0" tests="4" time="86.672" timestamp="2020-08-03T12:31:05.449467"><testcase classname="test_submit" file="test_submit.py" line="3" name="test_q1" time="0.217"></testcase><testcase classname="test_submit" file="test_submit.py" line="8" name="test_q2" time="0.222"></testcase><testcase classname="test_submit" file="test_submit.py" line="13" name="test_q3" time="0.247"></testcase><testcase classname="test_submit" file="test_submit.py" line="18" name="test_q4" time="2.110"></testcase></testsuite></testsuites>